<?xml version="1.0" encoding="UTF-8"?>
<!-- Generated by org.testng.reporters.JUnitReportReporter -->
<testsuite hostname="DESKTOP-JL3SFV8" failures="0" tests="4" name="practice.test.Data" time="0.074" errors="0" timestamp="2024-06-19T17:40:25 IST" skipped="0">
  <testcase classname="practice.test.Data" name="getdatapro" time="0.038"/>
  <testcase classname="practice.test.Data" name="getdatapro" time="0.003"/>
  <testcase classname="practice.test.Data" name="getdatapro" time="0.019"/>
  <testcase classname="practice.test.Data" name="getdatapro" time="0.014"/>
</testsuite> <!-- practice.test.Data -->
