<?xml version="1.0" encoding="UTF-8"?>
<!-- Generated by org.testng.reporters.JUnitReportReporter -->
<testsuite hostname="DESKTOP-JL3SFV8" failures="0" tests="4" name="objectrepository.Sam" time="101.694" errors="0" timestamp="2024-06-14T11:43:08 IST" skipped="0">
  <testcase classname="objectrepository.Sam" name="cc" time="15.719"/>
  <testcase classname="objectrepository.Sam" name="cc" time="26.661"/>
  <testcase classname="objectrepository.Sam" name="cc" time="26.811"/>
  <testcase classname="objectrepository.Sam" name="cc" time="32.503"/>
</testsuite> <!-- objectrepository.Sam -->
