<?xml version="1.0" encoding="UTF-8"?>
<!-- Generated by org.testng.reporters.JUnitReportReporter -->
<testsuite hostname="DESKTOP-JL3SFV8" failures="0" tests="1" name="com.comcast.crm.orgtest.CreateOrganizationTest" time="493.551" errors="0" timestamp="2024-06-24T09:51:47 IST" skipped="0">
  <testcase classname="com.comcast.crm.orgtest.CreateOrganizationTest" name="createOrgTest" time="493.551"/>
</testsuite> <!-- com.comcast.crm.orgtest.CreateOrganizationTest -->
