<?xml version="1.0" encoding="UTF-8"?>
<!-- Generated by org.testng.reporters.JUnitReportReporter -->
<testsuite hostname="DESKTOP-JL3SFV8" failures="0" tests="3" name="com.comcast.crm.contacttest.CreateContactTest" time="47.497" errors="0" timestamp="2024-06-29T12:46:40 IST" skipped="0">
  <testcase classname="com.comcast.crm.contacttest.CreateContactTest" name="test" time="12.666"/>
  <testcase classname="com.comcast.crm.contacttest.CreateContactTest" name="createContactWithOrgTest" time="21.238"/>
  <testcase classname="com.comcast.crm.contacttest.CreateContactTest" name="createContactWithSupportDateTest" time="13.593"/>
</testsuite> <!-- com.comcast.crm.contacttest.CreateContactTest -->
