<?xml version="1.0" encoding="UTF-8"?>
<!-- Generated by org.testng.reporters.JUnitReportReporter -->
<testsuite hostname="DESKTOP-JL3SFV8" failures="0" tests="3" name="com.comcast.crm.orgtest.CreateOrganizationTest" time="42.128" errors="0" timestamp="2024-06-29T12:48:19 IST" skipped="0">
  <testcase classname="com.comcast.crm.orgtest.CreateOrganizationTest" name="createOrgWithPh" time="16.463"/>
  <testcase classname="com.comcast.crm.orgtest.CreateOrganizationTest" name="createOrgWithIndustry" time="13.073"/>
  <testcase classname="com.comcast.crm.orgtest.CreateOrganizationTest" name="createOrgTest" time="12.592"/>
</testsuite> <!-- com.comcast.crm.orgtest.CreateOrganizationTest -->
